2026-07-18 14:55:25,843 - aqt.main - INFO - installer 21964 aqtinstall(aqt) v3.3.0 on Python 3.12.10 [CPython MSC v.1943 64 bit (AMD64)]
2026-07-18 14:55:25,843 - aqt.helper - DEBUG - helper 21964 Attempt to download checksum at https://download.qt.io/online/qtsdkrepository/windows_x86/desktop/qt6_683/qt6_683/Updates.xml.sha256
2026-07-18 14:55:57,912 - aqt.helper - DEBUG - helper 21964 Attempt to download checksum at https://download.qt.io/online/qtsdkrepository/windows_x86/extensions/qtwebengine/683/msvc2022_64/Updates.xml.sha256
2026-07-18 14:55:59,346 - aqt.archives - INFO - archives 21964 Found extension qtwebengine
2026-07-18 14:55:59,378 - aqt.helper - DEBUG - helper 21964 Attempt to download checksum at https://download.qt.io/online/qtsdkrepository/windows_x86/extensions/qtpdf/683/msvc2022_64/Updates.xml.sha256
2026-07-18 14:56:01,619 - aqt.archives - INFO - archives 21964 Found extension qtpdf
2026-07-18 14:56:02,444 - aqt.helper - DEBUG - helper 19904 Attempt to download checksum at https://download.qt.io/online/qtsdkrepository/windows_x86/desktop/qt6_683/qt6_683/qt.qt6.683.addons.qtimageformats.win64_msvc2022_64/6.8.3-0-202503201308qtimageformats-Windows-Windows_11_23H2-MSVC2022-Windows-Windows_11_23H2-X86_64.7z.sha256
2026-07-18 14:56:02,447 - aqt.helper - DEBUG - helper 22992 Attempt to download checksum at https://download.qt.io/online/qtsdkrepository/windows_x86/desktop/qt6_683/qt6_683/qt.qt6.683.win64_msvc2022_64/6.8.3-0-202503201308qtbase-Windows-Windows_11_23H2-MSVC2022-Windows-Windows_11_23H2-X86_64.7z.sha256
2026-07-18 14:56:02,447 - aqt.helper - DEBUG - helper 12936 Attempt to download checksum at https://download.qt.io/online/qtsdkrepository/windows_x86/desktop/qt6_683/qt6_683/qt.qt6.683.win64_msvc2022_64/6.8.3-0-202503201308qtdeclarative-Windows-Windows_11_23H2-MSVC2022-Windows-Windows_11_23H2-X86_64.7z.sha256
2026-07-18 14:56:02,447 - aqt.helper - DEBUG - helper 15152 Attempt to download checksum at https://download.qt.io/online/qtsdkrepository/windows_x86/desktop/qt6_683/qt6_683/qt.qt6.683.win64_msvc2022_64/6.8.3-0-202503201308qtsvg-Windows-Windows_11_23H2-MSVC2022-Windows-Windows_11_23H2-X86_64.7z.sha256
2026-07-18 14:56:03,245 - aqt.helper - INFO - helper 12936 Downloading qtdeclarative...
2026-07-18 14:56:03,245 - aqt.helper - INFO - helper 22992 Downloading qtbase...
2026-07-18 14:56:03,245 - aqt.installer - DEBUG - installer 12936 Download URL: https://download.qt.io/online/qtsdkrepository/windows_x86/desktop/qt6_683/qt6_683/qt.qt6.683.win64_msvc2022_64/6.8.3-0-202503201308qtdeclarative-Windows-Windows_11_23H2-MSVC2022-Windows-Windows_11_23H2-X86_64.7z
2026-07-18 14:56:03,245 - aqt.installer - DEBUG - installer 22992 Download URL: https://download.qt.io/online/qtsdkrepository/windows_x86/desktop/qt6_683/qt6_683/qt.qt6.683.win64_msvc2022_64/6.8.3-0-202503201308qtbase-Windows-Windows_11_23H2-MSVC2022-Windows-Windows_11_23H2-X86_64.7z
2026-07-18 14:56:03,312 - aqt.helper - INFO - helper 15152 Downloading qtsvg...
2026-07-18 14:56:03,312 - aqt.helper - INFO - helper 19904 Downloading qtimageformats...
2026-07-18 14:56:03,312 - aqt.installer - DEBUG - installer 15152 Download URL: https://download.qt.io/online/qtsdkrepository/windows_x86/desktop/qt6_683/qt6_683/qt.qt6.683.win64_msvc2022_64/6.8.3-0-202503201308qtsvg-Windows-Windows_11_23H2-MSVC2022-Windows-Windows_11_23H2-X86_64.7z
2026-07-18 14:56:03,312 - aqt.installer - DEBUG - installer 19904 Download URL: https://download.qt.io/online/qtsdkrepository/windows_x86/desktop/qt6_683/qt6_683/qt.qt6.683.addons.qtimageformats.win64_msvc2022_64/6.8.3-0-202503201308qtimageformats-Windows-Windows_11_23H2-MSVC2022-Windows-Windows_11_23H2-X86_64.7z
2026-07-18 14:56:03,944 - aqt.helper - DEBUG - helper 22992 Asked to redirect(302) to: https://www.nic.funet.fi/pub/mirrors/download.qt-project.org/online/qtsdkrepository/windows_x86/desktop/qt6_683/qt6_683/qt.qt6.683.win64_msvc2022_64/6.8.3-0-202503201308qtbase-Windows-Windows_11_23H2-MSVC2022-Windows-Windows_11_23H2-X86_64.7z
2026-07-18 14:56:03,944 - aqt.helper - INFO - helper 22992 Redirected: www.nic.funet.fi
2026-07-18 14:56:04,020 - aqt.helper - DEBUG - helper 19904 Asked to redirect(302) to: https://www.nic.funet.fi/pub/mirrors/download.qt-project.org/online/qtsdkrepository/windows_x86/desktop/qt6_683/qt6_683/qt.qt6.683.addons.qtimageformats.win64_msvc2022_64/6.8.3-0-202503201308qtimageformats-Windows-Windows_11_23H2-MSVC2022-Windows-Windows_11_23H2-X86_64.7z
2026-07-18 14:56:04,020 - aqt.helper - INFO - helper 15152 Redirected: www.nic.funet.fi
2026-07-18 14:56:04,020 - aqt.helper - INFO - helper 19904 Redirected: www.nic.funet.fi
2026-07-18 14:56:04,020 - aqt.helper - DEBUG - helper 12936 Asked to redirect(302) to: https://www.nic.funet.fi/pub/mirrors/download.qt-project.org/online/qtsdkrepository/windows_x86/desktop/qt6_683/qt6_683/qt.qt6.683.win64_msvc2022_64/6.8.3-0-202503201308qtdeclarative-Windows-Windows_11_23H2-MSVC2022-Windows-Windows_11_23H2-X86_64.7z
2026-07-18 14:56:04,020 - aqt.helper - INFO - helper 12936 Redirected: www.nic.funet.fi
2026-07-18 14:56:06,761 - aqt.installer - INFO - installer 15152 Finished installation of qtsvg-Windows-Windows_11_23H2-MSVC2022-Windows-Windows_11_23H2-X86_64.7z in 4.32047740
2026-07-18 14:56:06,773 - aqt.helper - DEBUG - helper 15152 Attempt to download checksum at https://download.qt.io/online/qtsdkrepository/windows_x86/desktop/qt6_683/qt6_683/qt.qt6.683.win64_msvc2022_64/6.8.3-0-202503201308qttools-Windows-Windows_11_23H2-MSVC2022-Windows-Windows_11_23H2-X86_64.7z.sha256
2026-07-18 14:56:07,095 - aqt.installer - INFO - installer 19904 Finished installation of qtimageformats-Windows-Windows_11_23H2-MSVC2022-Windows-Windows_11_23H2-X86_64.7z in 4.65825710
2026-07-18 14:56:07,103 - aqt.helper - DEBUG - helper 19904 Attempt to download checksum at https://download.qt.io/online/qtsdkrepository/windows_x86/desktop/qt6_683/qt6_683/qt.qt6.683.win64_msvc2022_64/6.8.3-0-202503201308qttranslations-Windows-Windows_11_23H2-MSVC2022-Windows-Windows_11_23H2-X86_64.7z.sha256
2026-07-18 14:56:07,703 - aqt.helper - INFO - helper 15152 Downloading qttools...
2026-07-18 14:56:07,703 - aqt.helper - INFO - helper 19904 Downloading qttranslations...
2026-07-18 14:56:07,703 - aqt.installer - DEBUG - installer 15152 Download URL: https://download.qt.io/online/qtsdkrepository/windows_x86/desktop/qt6_683/qt6_683/qt.qt6.683.win64_msvc2022_64/6.8.3-0-202503201308qttools-Windows-Windows_11_23H2-MSVC2022-Windows-Windows_11_23H2-X86_64.7z
2026-07-18 14:56:07,703 - aqt.installer - DEBUG - installer 19904 Download URL: https://download.qt.io/online/qtsdkrepository/windows_x86/desktop/qt6_683/qt6_683/qt.qt6.683.win64_msvc2022_64/6.8.3-0-202503201308qttranslations-Windows-Windows_11_23H2-MSVC2022-Windows-Windows_11_23H2-X86_64.7z
2026-07-18 14:56:08,552 - aqt.helper - DEBUG - helper 15152 Asked to redirect(302) to: https://www.nic.funet.fi/pub/mirrors/download.qt-project.org/online/qtsdkrepository/windows_x86/desktop/qt6_683/qt6_683/qt.qt6.683.win64_msvc2022_64/6.8.3-0-202503201308qttools-Windows-Windows_11_23H2-MSVC2022-Windows-Windows_11_23H2-X86_64.7z
2026-07-18 14:56:08,552 - aqt.helper - INFO - helper 15152 Redirected: www.nic.funet.fi
2026-07-18 14:56:08,552 - aqt.helper - DEBUG - helper 19904 Asked to redirect(302) to: https://www.nic.funet.fi/pub/mirrors/download.qt-project.org/online/qtsdkrepository/windows_x86/desktop/qt6_683/qt6_683/qt.qt6.683.win64_msvc2022_64/6.8.3-0-202503201308qttranslations-Windows-Windows_11_23H2-MSVC2022-Windows-Windows_11_23H2-X86_64.7z
2026-07-18 14:56:08,552 - aqt.helper - INFO - helper 19904 Redirected: www.nic.funet.fi
2026-07-18 14:56:15,382 - aqt.installer - INFO - installer 19904 Finished installation of qttranslations-Windows-Windows_11_23H2-MSVC2022-Windows-Windows_11_23H2-X86_64.7z in 8.27744290
2026-07-18 14:56:15,390 - aqt.helper - DEBUG - helper 19904 Attempt to download checksum at https://download.qt.io/online/qtsdkrepository/windows_x86/desktop/qt6_683/qt6_683/qt.qt6.683.win64_msvc2022_64/6.8.3-0-202503201308d3dcompiler_47-x64.7z.sha256
2026-07-18 14:56:16,344 - aqt.helper - INFO - helper 19904 Downloading d3dcompiler_47...
2026-07-18 14:56:16,344 - aqt.installer - DEBUG - installer 19904 Download URL: https://download.qt.io/online/qtsdkrepository/windows_x86/desktop/qt6_683/qt6_683/qt.qt6.683.win64_msvc2022_64/6.8.3-0-202503201308d3dcompiler_47-x64.7z
2026-07-18 14:56:17,069 - aqt.helper - DEBUG - helper 19904 Asked to redirect(302) to: https://www.nic.funet.fi/pub/mirrors/download.qt-project.org/online/qtsdkrepository/windows_x86/desktop/qt6_683/qt6_683/qt.qt6.683.win64_msvc2022_64/6.8.3-0-202503201308d3dcompiler_47-x64.7z
2026-07-18 14:56:17,069 - aqt.helper - INFO - helper 19904 Redirected: www.nic.funet.fi
2026-07-18 14:56:24,018 - aqt.installer - INFO - installer 19904 Finished installation of d3dcompiler_47-x64.7z in 8.63016770
2026-07-18 14:56:24,018 - aqt.helper - DEBUG - helper 19904 Attempt to download checksum at https://download.qt.io/online/qtsdkrepository/windows_x86/desktop/qt6_683/qt6_683/qt.qt6.683.win64_msvc2022_64/6.8.3-0-202503201308opengl32sw-64-mesa_11_2_2-signed_sha256.7z.sha256
2026-07-18 14:56:24,660 - aqt.helper - INFO - helper 19904 Downloading opengl32sw...
2026-07-18 14:56:24,660 - aqt.installer - DEBUG - installer 19904 Download URL: https://download.qt.io/online/qtsdkrepository/windows_x86/desktop/qt6_683/qt6_683/qt.qt6.683.win64_msvc2022_64/6.8.3-0-202503201308opengl32sw-64-mesa_11_2_2-signed_sha256.7z
2026-07-18 14:56:25,496 - aqt.helper - DEBUG - helper 19904 Asked to redirect(302) to: https://www.nic.funet.fi/pub/mirrors/download.qt-project.org/online/qtsdkrepository/windows_x86/desktop/qt6_683/qt6_683/qt.qt6.683.win64_msvc2022_64/6.8.3-0-202503201308opengl32sw-64-mesa_11_2_2-signed_sha256.7z
2026-07-18 14:56:25,496 - aqt.helper - INFO - helper 19904 Redirected: www.nic.funet.fi
2026-07-18 14:56:43,800 - aqt.installer - INFO - installer 19904 Finished installation of opengl32sw-64-mesa_11_2_2-signed_sha256.7z in 19.77319440
2026-07-18 14:57:16,300 - aqt.installer - WARNING - installer 21964 Caught ArchiveDownloadError, terminating installer workers
2026-07-18 14:57:16,322 - aqt.main - ERROR - installer 21964 Download of 6.8.3-0-202503201308qttools-Windows-Windows_11_23H2-MSVC2022-Windows-Windows_11_23H2-X86_64.7z has error: HTTPSConnectionPool(host='www.nic.funet.fi', port=443): Read timed out.
2026-07-18 16:23:55,414 - aqt.main - INFO - installer 17832 aqtinstall(aqt) v3.3.0 on Python 3.12.10 [CPython MSC v.1943 64 bit (AMD64)]
2026-07-18 16:23:55,416 - aqt.helper - DEBUG - helper 17832 Attempt to download checksum at https://download.qt.io/online/qtsdkrepository/windows_x86/desktop/qt6_683/qt6_683/Updates.xml.sha256
2026-07-18 16:23:57,243 - aqt.helper - DEBUG - helper 17832 Attempt to download checksum at https://download.qt.io/online/qtsdkrepository/windows_x86/extensions/qtwebengine/683/msvc2022_64/Updates.xml.sha256
2026-07-18 16:23:58,997 - aqt.archives - INFO - archives 17832 Found extension qtwebengine
2026-07-18 16:23:58,997 - aqt.helper - DEBUG - helper 17832 Attempt to download checksum at https://download.qt.io/online/qtsdkrepository/windows_x86/extensions/qtpdf/683/msvc2022_64/Updates.xml.sha256
2026-07-18 16:24:00,959 - aqt.archives - INFO - archives 17832 Found extension qtpdf
2026-07-18 16:24:02,025 - aqt.helper - DEBUG - helper 16980 Attempt to download checksum at https://download.qt.io/online/qtsdkrepository/windows_x86/desktop/qt6_683/qt6_683/qt.qt6.683.addons.qtimageformats.win64_msvc2022_64/6.8.3-0-202503201308qtimageformats-Windows-Windows_11_23H2-MSVC2022-Windows-Windows_11_23H2-X86_64.7z.sha256
2026-07-18 16:24:02,028 - aqt.helper - DEBUG - helper 3200 Attempt to download checksum at https://download.qt.io/online/qtsdkrepository/windows_x86/desktop/qt6_683/qt6_683/qt.qt6.683.win64_msvc2022_64/6.8.3-0-202503201308qtbase-Windows-Windows_11_23H2-MSVC2022-Windows-Windows_11_23H2-X86_64.7z.sha256
2026-07-18 16:24:02,028 - aqt.helper - DEBUG - helper 7480 Attempt to download checksum at https://download.qt.io/online/qtsdkrepository/windows_x86/desktop/qt6_683/qt6_683/qt.qt6.683.win64_msvc2022_64/6.8.3-0-202503201308qtsvg-Windows-Windows_11_23H2-MSVC2022-Windows-Windows_11_23H2-X86_64.7z.sha256
2026-07-18 16:24:02,053 - aqt.helper - DEBUG - helper 6516 Attempt to download checksum at https://download.qt.io/online/qtsdkrepository/windows_x86/desktop/qt6_683/qt6_683/qt.qt6.683.win64_msvc2022_64/6.8.3-0-202503201308qtdeclarative-Windows-Windows_11_23H2-MSVC2022-Windows-Windows_11_23H2-X86_64.7z.sha256
2026-07-18 16:24:03,667 - aqt.helper - INFO - helper 3200 Downloading qtbase...
2026-07-18 16:24:03,667 - aqt.helper - INFO - helper 7480 Downloading qtsvg...
2026-07-18 16:24:03,667 - aqt.helper - INFO - helper 16980 Downloading qtimageformats...
2026-07-18 16:24:03,667 - aqt.helper - INFO - helper 6516 Downloading qtdeclarative...
2026-07-18 16:24:03,667 - aqt.installer - DEBUG - installer 3200 Download URL: https://download.qt.io/online/qtsdkrepository/windows_x86/desktop/qt6_683/qt6_683/qt.qt6.683.win64_msvc2022_64/6.8.3-0-202503201308qtbase-Windows-Windows_11_23H2-MSVC2022-Windows-Windows_11_23H2-X86_64.7z
2026-07-18 16:24:03,667 - aqt.installer - DEBUG - installer 7480 Download URL: https://download.qt.io/online/qtsdkrepository/windows_x86/desktop/qt6_683/qt6_683/qt.qt6.683.win64_msvc2022_64/6.8.3-0-202503201308qtsvg-Windows-Windows_11_23H2-MSVC2022-Windows-Windows_11_23H2-X86_64.7z
2026-07-18 16:24:03,671 - aqt.installer - DEBUG - installer 16980 Download URL: https://download.qt.io/online/qtsdkrepository/windows_x86/desktop/qt6_683/qt6_683/qt.qt6.683.addons.qtimageformats.win64_msvc2022_64/6.8.3-0-202503201308qtimageformats-Windows-Windows_11_23H2-MSVC2022-Windows-Windows_11_23H2-X86_64.7z
2026-07-18 16:24:03,671 - aqt.installer - DEBUG - installer 6516 Download URL: https://download.qt.io/online/qtsdkrepository/windows_x86/desktop/qt6_683/qt6_683/qt.qt6.683.win64_msvc2022_64/6.8.3-0-202503201308qtdeclarative-Windows-Windows_11_23H2-MSVC2022-Windows-Windows_11_23H2-X86_64.7z
2026-07-18 16:24:04,601 - aqt.helper - DEBUG - helper 3200 Asked to redirect(302) to: https://ftp.fau.de/qtproject/online/qtsdkrepository/windows_x86/desktop/qt6_683/qt6_683/qt.qt6.683.win64_msvc2022_64/6.8.3-0-202503201308qtbase-Windows-Windows_11_23H2-MSVC2022-Windows-Windows_11_23H2-X86_64.7z
2026-07-18 16:24:04,603 - aqt.helper - DEBUG - helper 16980 Asked to redirect(302) to: https://ftp.fau.de/qtproject/online/qtsdkrepository/windows_x86/desktop/qt6_683/qt6_683/qt.qt6.683.addons.qtimageformats.win64_msvc2022_64/6.8.3-0-202503201308qtimageformats-Windows-Windows_11_23H2-MSVC2022-Windows-Windows_11_23H2-X86_64.7z
2026-07-18 16:24:04,603 - aqt.helper - INFO - helper 3200 Redirected: ftp.fau.de
2026-07-18 16:24:04,603 - aqt.helper - INFO - helper 16980 Redirected: ftp.fau.de
2026-07-18 16:24:04,617 - aqt.helper - DEBUG - helper 7480 Asked to redirect(302) to: https://ftp.fau.de/qtproject/online/qtsdkrepository/windows_x86/desktop/qt6_683/qt6_683/qt.qt6.683.win64_msvc2022_64/6.8.3-0-202503201308qtsvg-Windows-Windows_11_23H2-MSVC2022-Windows-Windows_11_23H2-X86_64.7z
2026-07-18 16:24:04,617 - aqt.helper - INFO - helper 7480 Redirected: ftp.fau.de
2026-07-18 16:24:04,625 - aqt.helper - DEBUG - helper 6516 Asked to redirect(302) to: https://ftp.fau.de/qtproject/online/qtsdkrepository/windows_x86/desktop/qt6_683/qt6_683/qt.qt6.683.win64_msvc2022_64/6.8.3-0-202503201308qtdeclarative-Windows-Windows_11_23H2-MSVC2022-Windows-Windows_11_23H2-X86_64.7z
2026-07-18 16:24:04,625 - aqt.helper - INFO - helper 6516 Redirected: ftp.fau.de
2026-07-18 16:24:07,125 - aqt.installer - INFO - installer 16980 Finished installation of qtimageformats-Windows-Windows_11_23H2-MSVC2022-Windows-Windows_11_23H2-X86_64.7z in 5.10445910
2026-07-18 16:24:07,138 - aqt.helper - DEBUG - helper 16980 Attempt to download checksum at https://download.qt.io/online/qtsdkrepository/windows_x86/desktop/qt6_683/qt6_683/qt.qt6.683.win64_msvc2022_64/6.8.3-0-202503201308qttools-Windows-Windows_11_23H2-MSVC2022-Windows-Windows_11_23H2-X86_64.7z.sha256
2026-07-18 16:24:07,363 - aqt.installer - INFO - installer 7480 Finished installation of qtsvg-Windows-Windows_11_23H2-MSVC2022-Windows-Windows_11_23H2-X86_64.7z in 5.33712060
2026-07-18 16:24:07,376 - aqt.helper - DEBUG - helper 7480 Attempt to download checksum at https://download.qt.io/online/qtsdkrepository/windows_x86/desktop/qt6_683/qt6_683/qt.qt6.683.win64_msvc2022_64/6.8.3-0-202503201308qttranslations-Windows-Windows_11_23H2-MSVC2022-Windows-Windows_11_23H2-X86_64.7z.sha256
2026-07-18 16:24:08,092 - aqt.helper - INFO - helper 16980 Downloading qttools...
2026-07-18 16:24:08,092 - aqt.installer - DEBUG - installer 16980 Download URL: https://download.qt.io/online/qtsdkrepository/windows_x86/desktop/qt6_683/qt6_683/qt.qt6.683.win64_msvc2022_64/6.8.3-0-202503201308qttools-Windows-Windows_11_23H2-MSVC2022-Windows-Windows_11_23H2-X86_64.7z
2026-07-18 16:24:08,561 - aqt.helper - INFO - helper 7480 Downloading qttranslations...
2026-07-18 16:24:08,561 - aqt.installer - DEBUG - installer 7480 Download URL: https://download.qt.io/online/qtsdkrepository/windows_x86/desktop/qt6_683/qt6_683/qt.qt6.683.win64_msvc2022_64/6.8.3-0-202503201308qttranslations-Windows-Windows_11_23H2-MSVC2022-Windows-Windows_11_23H2-X86_64.7z
2026-07-18 16:24:09,181 - aqt.helper - DEBUG - helper 16980 Asked to redirect(302) to: https://ftp.fau.de/qtproject/online/qtsdkrepository/windows_x86/desktop/qt6_683/qt6_683/qt.qt6.683.win64_msvc2022_64/6.8.3-0-202503201308qttools-Windows-Windows_11_23H2-MSVC2022-Windows-Windows_11_23H2-X86_64.7z
2026-07-18 16:24:09,181 - aqt.helper - INFO - helper 16980 Redirected: ftp.fau.de
2026-07-18 16:24:10,196 - aqt.helper - DEBUG - helper 7480 Asked to redirect(302) to: https://ftp.fau.de/qtproject/online/qtsdkrepository/windows_x86/desktop/qt6_683/qt6_683/qt.qt6.683.win64_msvc2022_64/6.8.3-0-202503201308qttranslations-Windows-Windows_11_23H2-MSVC2022-Windows-Windows_11_23H2-X86_64.7z
2026-07-18 16:24:10,196 - aqt.helper - INFO - helper 7480 Redirected: ftp.fau.de
2026-07-18 16:24:18,527 - aqt.installer - INFO - installer 7480 Finished installation of qttranslations-Windows-Windows_11_23H2-MSVC2022-Windows-Windows_11_23H2-X86_64.7z in 11.15465310
2026-07-18 16:24:18,542 - aqt.helper - DEBUG - helper 7480 Attempt to download checksum at https://download.qt.io/online/qtsdkrepository/windows_x86/desktop/qt6_683/qt6_683/qt.qt6.683.win64_msvc2022_64/6.8.3-0-202503201308d3dcompiler_47-x64.7z.sha256
2026-07-18 16:24:19,044 - aqt.helper - INFO - helper 7480 Downloading d3dcompiler_47...
2026-07-18 16:24:19,044 - aqt.installer - DEBUG - installer 7480 Download URL: https://download.qt.io/online/qtsdkrepository/windows_x86/desktop/qt6_683/qt6_683/qt.qt6.683.win64_msvc2022_64/6.8.3-0-202503201308d3dcompiler_47-x64.7z
2026-07-18 16:24:19,572 - aqt.helper - DEBUG - helper 7480 Asked to redirect(302) to: https://ftp.fau.de/qtproject/online/qtsdkrepository/windows_x86/desktop/qt6_683/qt6_683/qt.qt6.683.win64_msvc2022_64/6.8.3-0-202503201308d3dcompiler_47-x64.7z
2026-07-18 16:24:19,572 - aqt.helper - INFO - helper 7480 Redirected: ftp.fau.de
2026-07-18 16:24:20,549 - aqt.installer - INFO - installer 7480 Finished installation of d3dcompiler_47-x64.7z in 2.00913480
2026-07-18 16:24:20,559 - aqt.helper - DEBUG - helper 7480 Attempt to download checksum at https://download.qt.io/online/qtsdkrepository/windows_x86/desktop/qt6_683/qt6_683/qt.qt6.683.win64_msvc2022_64/6.8.3-0-202503201308opengl32sw-64-mesa_11_2_2-signed_sha256.7z.sha256
2026-07-18 16:24:21,134 - aqt.helper - INFO - helper 7480 Downloading opengl32sw...
2026-07-18 16:24:21,134 - aqt.installer - DEBUG - installer 7480 Download URL: https://download.qt.io/online/qtsdkrepository/windows_x86/desktop/qt6_683/qt6_683/qt.qt6.683.win64_msvc2022_64/6.8.3-0-202503201308opengl32sw-64-mesa_11_2_2-signed_sha256.7z
2026-07-18 16:24:21,498 - aqt.installer - INFO - installer 16980 Finished installation of qttools-Windows-Windows_11_23H2-MSVC2022-Windows-Windows_11_23H2-X86_64.7z in 14.35977070
2026-07-18 16:24:21,917 - aqt.helper - DEBUG - helper 7480 Asked to redirect(302) to: https://ftp.fau.de/qtproject/online/qtsdkrepository/windows_x86/desktop/qt6_683/qt6_683/qt.qt6.683.win64_msvc2022_64/6.8.3-0-202503201308opengl32sw-64-mesa_11_2_2-signed_sha256.7z
2026-07-18 16:24:21,917 - aqt.helper - INFO - helper 7480 Redirected: ftp.fau.de
2026-07-18 16:24:23,834 - aqt.installer - INFO - installer 7480 Finished installation of opengl32sw-64-mesa_11_2_2-signed_sha256.7z in 3.27806610
2026-07-18 16:24:53,433 - aqt.installer - INFO - installer 3200 Finished installation of qtbase-Windows-Windows_11_23H2-MSVC2022-Windows-Windows_11_23H2-X86_64.7z in 51.40670090
2026-07-18 16:25:24,250 - aqt.installer - INFO - installer 6516 Finished installation of qtdeclarative-Windows-Windows_11_23H2-MSVC2022-Windows-Windows_11_23H2-X86_64.7z in 82.19837220
2026-07-18 16:25:24,458 - aqt.updater - INFO - updater 17832 Patching C:\Qt\6.8.3\msvc2022_64\bin\qmake.exe
2026-07-18 16:25:24,463 - aqt.updater - INFO - updater 17832 Patching C:\Qt\6.8.3\msvc2022_64\lib\Qt6Concurrent.prl
2026-07-18 16:25:24,474 - aqt.updater - INFO - updater 17832 Patching C:\Qt\6.8.3\msvc2022_64\lib\Qt6Concurrentd.prl
2026-07-18 16:25:24,489 - aqt.updater - INFO - updater 17832 Patching C:\Qt\6.8.3\msvc2022_64\lib\Qt6Core.prl
2026-07-18 16:25:24,502 - aqt.updater - INFO - updater 17832 Patching C:\Qt\6.8.3\msvc2022_64\lib\Qt6Cored.prl
2026-07-18 16:25:24,507 - aqt.updater - INFO - updater 17832 Patching C:\Qt\6.8.3\msvc2022_64\lib\Qt6DBus.prl
2026-07-18 16:25:24,517 - aqt.updater - INFO - updater 17832 Patching C:\Qt\6.8.3\msvc2022_64\lib\Qt6DBusd.prl
2026-07-18 16:25:24,524 - aqt.updater - INFO - updater 17832 Patching C:\Qt\6.8.3\msvc2022_64\lib\Qt6Designer.prl
2026-07-18 16:25:24,532 - aqt.updater - INFO - updater 17832 Patching C:\Qt\6.8.3\msvc2022_64\lib\Qt6DesignerComponents.prl
2026-07-18 16:25:24,544 - aqt.updater - INFO - updater 17832 Patching C:\Qt\6.8.3\msvc2022_64\lib\Qt6DesignerComponentsd.prl
2026-07-18 16:25:24,551 - aqt.updater - INFO - updater 17832 Patching C:\Qt\6.8.3\msvc2022_64\lib\Qt6Designerd.prl
2026-07-18 16:25:24,562 - aqt.updater - INFO - updater 17832 Patching C:\Qt\6.8.3\msvc2022_64\lib\Qt6DeviceDiscoverySupport.prl
2026-07-18 16:25:24,574 - aqt.updater - INFO - updater 17832 Patching C:\Qt\6.8.3\msvc2022_64\lib\Qt6DeviceDiscoverySupportd.prl
2026-07-18 16:25:24,586 - aqt.updater - INFO - updater 17832 Patching C:\Qt\6.8.3\msvc2022_64\lib\Qt6EntryPoint.prl
2026-07-18 16:25:24,591 - aqt.updater - INFO - updater 17832 Patching C:\Qt\6.8.3\msvc2022_64\lib\Qt6EntryPointd.prl
2026-07-18 16:25:24,601 - aqt.updater - INFO - updater 17832 Patching C:\Qt\6.8.3\msvc2022_64\lib\Qt6ExampleIcons.prl
2026-07-18 16:25:24,610 - aqt.updater - INFO - updater 17832 Patching C:\Qt\6.8.3\msvc2022_64\lib\Qt6ExampleIconsd.prl
2026-07-18 16:25:24,622 - aqt.updater - INFO - updater 17832 Patching C:\Qt\6.8.3\msvc2022_64\lib\Qt6ExamplesAssetDownloader.prl
2026-07-18 16:25:24,634 - aqt.updater - INFO - updater 17832 Patching C:\Qt\6.8.3\msvc2022_64\lib\Qt6ExamplesAssetDownloaderd.prl
2026-07-18 16:25:24,646 - aqt.updater - INFO - updater 17832 Patching C:\Qt\6.8.3\msvc2022_64\lib\Qt6FbSupport.prl
2026-07-18 16:25:24,660 - aqt.updater - INFO - updater 17832 Patching C:\Qt\6.8.3\msvc2022_64\lib\Qt6FbSupportd.prl
2026-07-18 16:25:24,666 - aqt.updater - INFO - updater 17832 Patching C:\Qt\6.8.3\msvc2022_64\lib\Qt6Gui.prl
2026-07-18 16:25:24,676 - aqt.updater - INFO - updater 17832 Patching C:\Qt\6.8.3\msvc2022_64\lib\Qt6Guid.prl
2026-07-18 16:25:24,683 - aqt.updater - INFO - updater 17832 Patching C:\Qt\6.8.3\msvc2022_64\lib\Qt6Help.prl
2026-07-18 16:25:24,693 - aqt.updater - INFO - updater 17832 Patching C:\Qt\6.8.3\msvc2022_64\lib\Qt6Helpd.prl
2026-07-18 16:25:24,700 - aqt.updater - INFO - updater 17832 Patching C:\Qt\6.8.3\msvc2022_64\lib\Qt6LabsAnimation.prl
2026-07-18 16:25:24,712 - aqt.updater - INFO - updater 17832 Patching C:\Qt\6.8.3\msvc2022_64\lib\Qt6LabsAnimationd.prl
2026-07-18 16:25:24,720 - aqt.updater - INFO - updater 17832 Patching C:\Qt\6.8.3\msvc2022_64\lib\Qt6LabsFolderListModel.prl
2026-07-18 16:25:24,731 - aqt.updater - INFO - updater 17832 Patching C:\Qt\6.8.3\msvc2022_64\lib\Qt6LabsFolderListModeld.prl
2026-07-18 16:25:24,741 - aqt.updater - INFO - updater 17832 Patching C:\Qt\6.8.3\msvc2022_64\lib\Qt6LabsPlatform.prl
2026-07-18 16:25:24,751 - aqt.updater - INFO - updater 17832 Patching C:\Qt\6.8.3\msvc2022_64\lib\Qt6LabsPlatformd.prl
2026-07-18 16:25:24,760 - aqt.updater - INFO - updater 17832 Patching C:\Qt\6.8.3\msvc2022_64\lib\Qt6LabsQmlModels.prl
2026-07-18 16:25:24,770 - aqt.updater - INFO - updater 17832 Patching C:\Qt\6.8.3\msvc2022_64\lib\Qt6LabsQmlModelsd.prl
2026-07-18 16:25:24,774 - aqt.updater - INFO - updater 17832 Patching C:\Qt\6.8.3\msvc2022_64\lib\Qt6LabsSettings.prl
2026-07-18 16:25:24,782 - aqt.updater - INFO - updater 17832 Patching C:\Qt\6.8.3\msvc2022_64\lib\Qt6LabsSettingsd.prl
2026-07-18 16:25:24,791 - aqt.updater - INFO - updater 17832 Patching C:\Qt\6.8.3\msvc2022_64\lib\Qt6LabsSharedImage.prl
2026-07-18 16:25:24,807 - aqt.updater - INFO - updater 17832 Patching C:\Qt\6.8.3\msvc2022_64\lib\Qt6LabsSharedImaged.prl
2026-07-18 16:25:24,819 - aqt.updater - INFO - updater 17832 Patching C:\Qt\6.8.3\msvc2022_64\lib\Qt6LabsWavefrontMesh.prl
2026-07-18 16:25:24,824 - aqt.updater - INFO - updater 17832 Patching C:\Qt\6.8.3\msvc2022_64\lib\Qt6LabsWavefrontMeshd.prl
2026-07-18 16:25:24,832 - aqt.updater - INFO - updater 17832 Patching C:\Qt\6.8.3\msvc2022_64\lib\Qt6Network.prl
2026-07-18 16:25:24,851 - aqt.updater - INFO - updater 17832 Patching C:\Qt\6.8.3\msvc2022_64\lib\Qt6Networkd.prl
2026-07-18 16:25:24,860 - aqt.updater - INFO - updater 17832 Patching C:\Qt\6.8.3\msvc2022_64\lib\Qt6OpenGL.prl
2026-07-18 16:25:24,870 - aqt.updater - INFO - updater 17832 Patching C:\Qt\6.8.3\msvc2022_64\lib\Qt6OpenGLd.prl
2026-07-18 16:25:24,880 - aqt.updater - INFO - updater 17832 Patching C:\Qt\6.8.3\msvc2022_64\lib\Qt6OpenGLWidgets.prl
2026-07-18 16:25:24,891 - aqt.updater - INFO - updater 17832 Patching C:\Qt\6.8.3\msvc2022_64\lib\Qt6OpenGLWidgetsd.prl
2026-07-18 16:25:24,900 - aqt.updater - INFO - updater 17832 Patching C:\Qt\6.8.3\msvc2022_64\lib\Qt6PacketProtocol.prl
2026-07-18 16:25:24,915 - aqt.updater - INFO - updater 17832 Patching C:\Qt\6.8.3\msvc2022_64\lib\Qt6PacketProtocold.prl
2026-07-18 16:25:24,927 - aqt.updater - INFO - updater 17832 Patching C:\Qt\6.8.3\msvc2022_64\lib\Qt6PrintSupport.prl
2026-07-18 16:25:24,942 - aqt.updater - INFO - updater 17832 Patching C:\Qt\6.8.3\msvc2022_64\lib\Qt6PrintSupportd.prl
2026-07-18 16:25:24,954 - aqt.updater - INFO - updater 17832 Patching C:\Qt\6.8.3\msvc2022_64\lib\Qt6Qml.prl
2026-07-18 16:25:24,961 - aqt.updater - INFO - updater 17832 Patching C:\Qt\6.8.3\msvc2022_64\lib\Qt6QmlAssetDownloader.prl
2026-07-18 16:25:24,970 - aqt.updater - INFO - updater 17832 Patching C:\Qt\6.8.3\msvc2022_64\lib\Qt6QmlAssetDownloaderd.prl
2026-07-18 16:25:24,978 - aqt.updater - INFO - updater 17832 Patching C:\Qt\6.8.3\msvc2022_64\lib\Qt6QmlCompiler.prl
2026-07-18 16:25:24,984 - aqt.updater - INFO - updater 17832 Patching C:\Qt\6.8.3\msvc2022_64\lib\Qt6QmlCompilerd.prl
2026-07-18 16:25:24,991 - aqt.updater - INFO - updater 17832 Patching C:\Qt\6.8.3\msvc2022_64\lib\Qt6QmlCore.prl
2026-07-18 16:25:25,002 - aqt.updater - INFO - updater 17832 Patching C:\Qt\6.8.3\msvc2022_64\lib\Qt6QmlCored.prl
2026-07-18 16:25:25,012 - aqt.updater - INFO - updater 17832 Patching C:\Qt\6.8.3\msvc2022_64\lib\Qt6Qmld.prl
2026-07-18 16:25:25,020 - aqt.updater - INFO - updater 17832 Patching C:\Qt\6.8.3\msvc2022_64\lib\Qt6QmlDebug.prl
2026-07-18 16:25:25,024 - aqt.updater - INFO - updater 17832 Patching C:\Qt\6.8.3\msvc2022_64\lib\Qt6QmlDebugd.prl
2026-07-18 16:25:25,040 - aqt.updater - INFO - updater 17832 Patching C:\Qt\6.8.3\msvc2022_64\lib\Qt6QmlDom.prl
2026-07-18 16:25:25,051 - aqt.updater - INFO - updater 17832 Patching C:\Qt\6.8.3\msvc2022_64\lib\Qt6QmlDomd.prl
2026-07-18 16:25:25,062 - aqt.updater - INFO - updater 17832 Patching C:\Qt\6.8.3\msvc2022_64\lib\Qt6QmlLocalStorage.prl
2026-07-18 16:25:25,075 - aqt.updater - INFO - updater 17832 Patching C:\Qt\6.8.3\msvc2022_64\lib\Qt6QmlLocalStoraged.prl
2026-07-18 16:25:25,084 - aqt.updater - INFO - updater 17832 Patching C:\Qt\6.8.3\msvc2022_64\lib\Qt6QmlLS.prl
2026-07-18 16:25:25,091 - aqt.updater - INFO - updater 17832 Patching C:\Qt\6.8.3\msvc2022_64\lib\Qt6QmlLSd.prl
2026-07-18 16:25:25,103 - aqt.updater - INFO - updater 17832 Patching C:\Qt\6.8.3\msvc2022_64\lib\Qt6QmlMeta.prl
2026-07-18 16:25:25,111 - aqt.updater - INFO - updater 17832 Patching C:\Qt\6.8.3\msvc2022_64\lib\Qt6QmlMetad.prl
2026-07-18 16:25:25,124 - aqt.updater - INFO - updater 17832 Patching C:\Qt\6.8.3\msvc2022_64\lib\Qt6QmlModels.prl
2026-07-18 16:25:25,132 - aqt.updater - INFO - updater 17832 Patching C:\Qt\6.8.3\msvc2022_64\lib\Qt6QmlModelsd.prl
2026-07-18 16:25:25,143 - aqt.updater - INFO - updater 17832 Patching C:\Qt\6.8.3\msvc2022_64\lib\Qt6QmlNetwork.prl
2026-07-18 16:25:25,150 - aqt.updater - INFO - updater 17832 Patching C:\Qt\6.8.3\msvc2022_64\lib\Qt6QmlNetworkd.prl
2026-07-18 16:25:25,165 - aqt.updater - INFO - updater 17832 Patching C:\Qt\6.8.3\msvc2022_64\lib\Qt6QmlToolingSettings.prl
2026-07-18 16:25:25,179 - aqt.updater - INFO - updater 17832 Patching C:\Qt\6.8.3\msvc2022_64\lib\Qt6QmlToolingSettingsd.prl
2026-07-18 16:25:25,188 - aqt.updater - INFO - updater 17832 Patching C:\Qt\6.8.3\msvc2022_64\lib\Qt6QmlTypeRegistrar.prl
2026-07-18 16:25:25,200 - aqt.updater - INFO - updater 17832 Patching C:\Qt\6.8.3\msvc2022_64\lib\Qt6QmlTypeRegistrard.prl
2026-07-18 16:25:25,217 - aqt.updater - INFO - updater 17832 Patching C:\Qt\6.8.3\msvc2022_64\lib\Qt6QmlWorkerScript.prl
2026-07-18 16:25:25,224 - aqt.updater - INFO - updater 17832 Patching C:\Qt\6.8.3\msvc2022_64\lib\Qt6QmlWorkerScriptd.prl
2026-07-18 16:25:25,232 - aqt.updater - INFO - updater 17832 Patching C:\Qt\6.8.3\msvc2022_64\lib\Qt6QmlXmlListModel.prl
2026-07-18 16:25:25,240 - aqt.updater - INFO - updater 17832 Patching C:\Qt\6.8.3\msvc2022_64\lib\Qt6QmlXmlListModeld.prl
2026-07-18 16:25:25,258 - aqt.updater - INFO - updater 17832 Patching C:\Qt\6.8.3\msvc2022_64\lib\Qt6Quick.prl
2026-07-18 16:25:25,266 - aqt.updater - INFO - updater 17832 Patching C:\Qt\6.8.3\msvc2022_64\lib\Qt6QuickControls2.prl
2026-07-18 16:25:25,274 - aqt.updater - INFO - updater 17832 Patching C:\Qt\6.8.3\msvc2022_64\lib\Qt6QuickControls2Basic.prl
2026-07-18 16:25:25,282 - aqt.updater - INFO - updater 17832 Patching C:\Qt\6.8.3\msvc2022_64\lib\Qt6QuickControls2Basicd.prl
2026-07-18 16:25:25,291 - aqt.updater - INFO - updater 17832 Patching C:\Qt\6.8.3\msvc2022_64\lib\Qt6QuickControls2BasicStyleImpl.prl
2026-07-18 16:25:25,300 - aqt.updater - INFO - updater 17832 Patching C:\Qt\6.8.3\msvc2022_64\lib\Qt6QuickControls2BasicStyleImpld.prl
2026-07-18 16:25:25,312 - aqt.updater - INFO - updater 17832 Patching C:\Qt\6.8.3\msvc2022_64\lib\Qt6QuickControls2d.prl
2026-07-18 16:25:25,320 - aqt.updater - INFO - updater 17832 Patching C:\Qt\6.8.3\msvc2022_64\lib\Qt6QuickControls2FluentWinUI3StyleImpl.prl
2026-07-18 16:25:25,324 - aqt.updater - INFO - updater 17832 Patching C:\Qt\6.8.3\msvc2022_64\lib\Qt6QuickControls2FluentWinUI3StyleImpld.prl
2026-07-18 16:25:25,332 - aqt.updater - INFO - updater 17832 Patching C:\Qt\6.8.3\msvc2022_64\lib\Qt6QuickControls2Fusion.prl
2026-07-18 16:25:25,340 - aqt.updater - INFO - updater 17832 Patching C:\Qt\6.8.3\msvc2022_64\lib\Qt6QuickControls2Fusiond.prl
2026-07-18 16:25:25,351 - aqt.updater - INFO - updater 17832 Patching C:\Qt\6.8.3\msvc2022_64\lib\Qt6QuickControls2FusionStyleImpl.prl
2026-07-18 16:25:25,360 - aqt.updater - INFO - updater 17832 Patching C:\Qt\6.8.3\msvc2022_64\lib\Qt6QuickControls2FusionStyleImpld.prl
2026-07-18 16:25:25,365 - aqt.updater - INFO - updater 17832 Patching C:\Qt\6.8.3\msvc2022_64\lib\Qt6QuickControls2Imagine.prl
2026-07-18 16:25:25,376 - aqt.updater - INFO - updater 17832 Patching C:\Qt\6.8.3\msvc2022_64\lib\Qt6QuickControls2Imagined.prl
2026-07-18 16:25:25,382 - aqt.updater - INFO - updater 17832 Patching C:\Qt\6.8.3\msvc2022_64\lib\Qt6QuickControls2ImagineStyleImpl.prl
2026-07-18 16:25:25,394 - aqt.updater - INFO - updater 17832 Patching C:\Qt\6.8.3\msvc2022_64\lib\Qt6QuickControls2ImagineStyleImpld.prl
2026-07-18 16:25:25,405 - aqt.updater - INFO - updater 17832 Patching C:\Qt\6.8.3\msvc2022_64\lib\Qt6QuickControls2Impl.prl
2026-07-18 16:25:25,411 - aqt.updater - INFO - updater 17832 Patching C:\Qt\6.8.3\msvc2022_64\lib\Qt6QuickControls2Impld.prl
2026-07-18 16:25:25,418 - aqt.updater - INFO - updater 17832 Patching C:\Qt\6.8.3\msvc2022_64\lib\Qt6QuickControls2Material.prl
2026-07-18 16:25:25,427 - aqt.updater - INFO - updater 17832 Patching C:\Qt\6.8.3\msvc2022_64\lib\Qt6QuickControls2Materiald.prl
2026-07-18 16:25:25,436 - aqt.updater - INFO - updater 17832 Patching C:\Qt\6.8.3\msvc2022_64\lib\Qt6QuickControls2MaterialStyleImpl.prl
2026-07-18 16:25:25,440 - aqt.updater - INFO - updater 17832 Patching C:\Qt\6.8.3\msvc2022_64\lib\Qt6QuickControls2MaterialStyleImpld.prl
2026-07-18 16:25:25,458 - aqt.updater - INFO - updater 17832 Patching C:\Qt\6.8.3\msvc2022_64\lib\Qt6QuickControls2Universal.prl
2026-07-18 16:25:25,470 - aqt.updater - INFO - updater 17832 Patching C:\Qt\6.8.3\msvc2022_64\lib\Qt6QuickControls2Universald.prl
2026-07-18 16:25:25,479 - aqt.updater - INFO - updater 17832 Patching C:\Qt\6.8.3\msvc2022_64\lib\Qt6QuickControls2UniversalStyleImpl.prl
2026-07-18 16:25:25,482 - aqt.updater - INFO - updater 17832 Patching C:\Qt\6.8.3\msvc2022_64\lib\Qt6QuickControls2UniversalStyleImpld.prl
2026-07-18 16:25:25,490 - aqt.updater - INFO - updater 17832 Patching C:\Qt\6.8.3\msvc2022_64\lib\Qt6QuickControls2WindowsStyleImpl.prl
2026-07-18 16:25:25,508 - aqt.updater - INFO - updater 17832 Patching C:\Qt\6.8.3\msvc2022_64\lib\Qt6QuickControls2WindowsStyleImpld.prl
2026-07-18 16:25:25,515 - aqt.updater - INFO - updater 17832 Patching C:\Qt\6.8.3\msvc2022_64\lib\Qt6QuickControlsTestUtils.prl
2026-07-18 16:25:25,524 - aqt.updater - INFO - updater 17832 Patching C:\Qt\6.8.3\msvc2022_64\lib\Qt6QuickControlsTestUtilsd.prl
2026-07-18 16:25:25,532 - aqt.updater - INFO - updater 17832 Patching C:\Qt\6.8.3\msvc2022_64\lib\Qt6Quickd.prl
2026-07-18 16:25:25,540 - aqt.updater - INFO - updater 17832 Patching C:\Qt\6.8.3\msvc2022_64\lib\Qt6QuickDialogs2.prl
2026-07-18 16:25:25,550 - aqt.updater - INFO - updater 17832 Patching C:\Qt\6.8.3\msvc2022_64\lib\Qt6QuickDialogs2d.prl
2026-07-18 16:25:25,561 - aqt.updater - INFO - updater 17832 Patching C:\Qt\6.8.3\msvc2022_64\lib\Qt6QuickDialogs2QuickImpl.prl
2026-07-18 16:25:25,575 - aqt.updater - INFO - updater 17832 Patching C:\Qt\6.8.3\msvc2022_64\lib\Qt6QuickDialogs2QuickImpld.prl
2026-07-18 16:25:25,583 - aqt.updater - INFO - updater 17832 Patching C:\Qt\6.8.3\msvc2022_64\lib\Qt6QuickDialogs2Utils.prl
2026-07-18 16:25:25,591 - aqt.updater - INFO - updater 17832 Patching C:\Qt\6.8.3\msvc2022_64\lib\Qt6QuickDialogs2Utilsd.prl
2026-07-18 16:25:25,600 - aqt.updater - INFO - updater 17832 Patching C:\Qt\6.8.3\msvc2022_64\lib\Qt6QuickEffects.prl
2026-07-18 16:25:25,606 - aqt.updater - INFO - updater 17832 Patching C:\Qt\6.8.3\msvc2022_64\lib\Qt6QuickEffectsd.prl
2026-07-18 16:25:25,616 - aqt.updater - INFO - updater 17832 Patching C:\Qt\6.8.3\msvc2022_64\lib\Qt6QuickLayouts.prl
2026-07-18 16:25:25,624 - aqt.updater - INFO - updater 17832 Patching C:\Qt\6.8.3\msvc2022_64\lib\Qt6QuickLayoutsd.prl
2026-07-18 16:25:25,632 - aqt.updater - INFO - updater 17832 Patching C:\Qt\6.8.3\msvc2022_64\lib\Qt6QuickParticles.prl
2026-07-18 16:25:25,640 - aqt.updater - INFO - updater 17832 Patching C:\Qt\6.8.3\msvc2022_64\lib\Qt6QuickParticlesd.prl
2026-07-18 16:25:25,648 - aqt.updater - INFO - updater 17832 Patching C:\Qt\6.8.3\msvc2022_64\lib\Qt6QuickShapes.prl
2026-07-18 16:25:25,659 - aqt.updater - INFO - updater 17832 Patching C:\Qt\6.8.3\msvc2022_64\lib\Qt6QuickShapesd.prl
2026-07-18 16:25:25,666 - aqt.updater - INFO - updater 17832 Patching C:\Qt\6.8.3\msvc2022_64\lib\Qt6QuickTemplates2.prl
2026-07-18 16:25:25,674 - aqt.updater - INFO - updater 17832 Patching C:\Qt\6.8.3\msvc2022_64\lib\Qt6QuickTemplates2d.prl
2026-07-18 16:25:25,682 - aqt.updater - INFO - updater 17832 Patching C:\Qt\6.8.3\msvc2022_64\lib\Qt6QuickTest.prl
2026-07-18 16:25:25,695 - aqt.updater - INFO - updater 17832 Patching C:\Qt\6.8.3\msvc2022_64\lib\Qt6QuickTestd.prl
2026-07-18 16:25:25,700 - aqt.updater - INFO - updater 17832 Patching C:\Qt\6.8.3\msvc2022_64\lib\Qt6QuickTestUtils.prl
2026-07-18 16:25:25,710 - aqt.updater - INFO - updater 17832 Patching C:\Qt\6.8.3\msvc2022_64\lib\Qt6QuickTestUtilsd.prl
2026-07-18 16:25:25,721 - aqt.updater - INFO - updater 17832 Patching C:\Qt\6.8.3\msvc2022_64\lib\Qt6QuickVectorImage.prl
2026-07-18 16:25:25,732 - aqt.updater - INFO - updater 17832 Patching C:\Qt\6.8.3\msvc2022_64\lib\Qt6QuickVectorImaged.prl
2026-07-18 16:25:25,740 - aqt.updater - INFO - updater 17832 Patching C:\Qt\6.8.3\msvc2022_64\lib\Qt6QuickVectorImageGenerator.prl
2026-07-18 16:25:25,749 - aqt.updater - INFO - updater 17832 Patching C:\Qt\6.8.3\msvc2022_64\lib\Qt6QuickVectorImageGeneratord.prl
2026-07-18 16:25:25,757 - aqt.updater - INFO - updater 17832 Patching C:\Qt\6.8.3\msvc2022_64\lib\Qt6QuickWidgets.prl
2026-07-18 16:25:25,765 - aqt.updater - INFO - updater 17832 Patching C:\Qt\6.8.3\msvc2022_64\lib\Qt6QuickWidgetsd.prl
2026-07-18 16:25:25,774 - aqt.updater - INFO - updater 17832 Patching C:\Qt\6.8.3\msvc2022_64\lib\Qt6Sql.prl
2026-07-18 16:25:25,782 - aqt.updater - INFO - updater 17832 Patching C:\Qt\6.8.3\msvc2022_64\lib\Qt6Sqld.prl
2026-07-18 16:25:25,791 - aqt.updater - INFO - updater 17832 Patching C:\Qt\6.8.3\msvc2022_64\lib\Qt6Svg.prl
2026-07-18 16:25:25,800 - aqt.updater - INFO - updater 17832 Patching C:\Qt\6.8.3\msvc2022_64\lib\Qt6Svgd.prl
2026-07-18 16:25:25,811 - aqt.updater - INFO - updater 17832 Patching C:\Qt\6.8.3\msvc2022_64\lib\Qt6SvgWidgets.prl
2026-07-18 16:25:25,818 - aqt.updater - INFO - updater 17832 Patching C:\Qt\6.8.3\msvc2022_64\lib\Qt6SvgWidgetsd.prl
2026-07-18 16:25:25,824 - aqt.updater - INFO - updater 17832 Patching C:\Qt\6.8.3\msvc2022_64\lib\Qt6Test.prl
2026-07-18 16:25:25,834 - aqt.updater - INFO - updater 17832 Patching C:\Qt\6.8.3\msvc2022_64\lib\Qt6Testd.prl
2026-07-18 16:25:25,841 - aqt.updater - INFO - updater 17832 Patching C:\Qt\6.8.3\msvc2022_64\lib\Qt6UiTools.prl
2026-07-18 16:25:25,858 - aqt.updater - INFO - updater 17832 Patching C:\Qt\6.8.3\msvc2022_64\lib\Qt6UiToolsd.prl
2026-07-18 16:25:25,866 - aqt.updater - INFO - updater 17832 Patching C:\Qt\6.8.3\msvc2022_64\lib\Qt6Widgets.prl
2026-07-18 16:25:25,882 - aqt.updater - INFO - updater 17832 Patching C:\Qt\6.8.3\msvc2022_64\lib\Qt6Widgetsd.prl
2026-07-18 16:25:25,891 - aqt.updater - INFO - updater 17832 Patching C:\Qt\6.8.3\msvc2022_64\lib\Qt6Xml.prl
2026-07-18 16:25:25,900 - aqt.updater - INFO - updater 17832 Patching C:\Qt\6.8.3\msvc2022_64\lib\Qt6Xmld.prl
2026-07-18 16:25:25,909 - aqt.main - INFO - installer 17832 Finished installation
2026-07-18 16:25:25,909 - aqt.main - INFO - installer 17832 Time elapsed: 90.49483050 second
